<?xml version="1.0" encoding="UTF-8"?>
<!-- Generated by org.testng.reporters.JUnitReportReporter -->
<testsuite hostname="DESKTOP-BOF2DA1" failures="0" tests="7" name="TestCase.Page2Test" time="57.794" errors="0" timestamp="2022-10-23T10:01:48 IST" skipped="0">
  <testcase classname="TestCase.Page2Test" name="verifyNextPageOpeningTest" time="8.249"/>
  <system-out/>
  <testcase classname="TestCase.Page2Test" name="verifySmallLogoTest" time="7.388"/>
  <system-out/>
  <testcase classname="TestCase.Page2Test" name="verifyAdd6ProductsTest" time="9.620"/>
  <system-out/>
  <testcase classname="TestCase.Page2Test" name="verifyLargeLogoTest" time="9.275"/>
  <system-out/>
  <testcase classname="TestCase.Page2Test" name="verifyFacebookTest" time="8.084"/>
  <system-out/>
  <testcase classname="TestCase.Page2Test" name="verifylinkedinTest" time="7.466"/>
  <system-out/>
  <testcase classname="TestCase.Page2Test" name="verifyTwiterTest" time="7.712"/>
  <system-out/>
</testsuite> <!-- TestCase.Page2Test -->
