<?xml version="1.0" encoding="UTF-8"?>
<!-- Generated by org.testng.reporters.JUnitReportReporter -->
<testsuite hostname="DESKTOP-BOF2DA1" failures="0" tests="2" name="TestCase.SoftAssertion" time="20.270" errors="0" timestamp="2022-11-03T15:50:54 IST" skipped="1">
  <testcase classname="TestCase.SoftAssertion" name="logoTest" time="20.270"/>
  <system-out/>
  <testcase classname="TestCase.SoftAssertion" name="verifyUrlTest">
    <skipped/>
  </testcase> <!-- verifyUrlTest -->
  <system-out/>
</testsuite> <!-- TestCase.SoftAssertion -->
