<?xml version="1.0" encoding="UTF-8"?>
<!-- Generated by org.testng.reporters.JUnitReportReporter -->
<testsuite hostname="DESKTOP-BOF2DA1" failures="0" tests="8" name="TestCase.Page5Test" time="86.397" errors="0" timestamp="2022-10-23T10:01:48 IST" skipped="0">
  <testcase classname="TestCase.Page5Test" name="verifyItemTotalTest" time="10.052"/>
  <system-out/>
  <testcase classname="TestCase.Page5Test" name="verifyNoOfProductsTest" time="9.809"/>
  <system-out/>
  <testcase classname="TestCase.Page5Test" name="verifyTaxTest" time="11.294"/>
  <system-out/>
  <testcase classname="TestCase.Page5Test" name="verifyFinishBtn" time="10.698"/>
  <system-out/>
  <testcase classname="TestCase.Page5Test" name="verifyTotalTest" time="10.652"/>
  <system-out/>
  <testcase classname="TestCase.Page5Test" name="verifypaymentInfoTest" time="10.832"/>
  <system-out/>
  <testcase classname="TestCase.Page5Test" name="verifyOverviewLabelTest" time="12.619"/>
  <system-out/>
  <testcase classname="TestCase.Page5Test" name="verifyShippingInfoTest" time="10.441"/>
  <system-out/>
</testsuite> <!-- TestCase.Page5Test -->
