<?xml version="1.0" encoding="UTF-8"?>
<!-- Generated by org.testng.reporters.JUnitReportReporter -->
<testsuite hostname="DESKTOP-BOF2DA1" failures="0" tests="9" name="TestCase.Page3Test" time="53.208" errors="0" timestamp="2022-11-03T15:40:46 IST" skipped="7">
  <testcase classname="TestCase.Page3Test" name="verifyProductName4Test" time="35.456"/>
  <system-out/>
  <testcase classname="TestCase.Page3Test" name="verifyProductName5Test" time="17.752"/>
  <system-out/>
  <testcase classname="TestCase.Page3Test" name="verifyProductName6Test">
    <skipped/>
  </testcase> <!-- verifyProductName6Test -->
  <system-out/>
  <testcase classname="TestCase.Page3Test" name="verifyCheckoutTest">
    <skipped/>
  </testcase> <!-- verifyCheckoutTest -->
  <system-out/>
  <testcase classname="TestCase.Page3Test" name="verifyProductName3Test">
    <skipped/>
  </testcase> <!-- verifyProductName3Test -->
  <system-out/>
  <testcase classname="TestCase.Page3Test" name="verifyNoOfProductsTest">
    <skipped/>
  </testcase> <!-- verifyNoOfProductsTest -->
  <system-out/>
  <testcase classname="TestCase.Page3Test" name="verifyProductName1Test">
    <skipped/>
  </testcase> <!-- verifyProductName1Test -->
  <system-out/>
  <testcase classname="TestCase.Page3Test" name="verifyRemovalOf2ProductsTest">
    <skipped/>
  </testcase> <!-- verifyRemovalOf2ProductsTest -->
  <system-out/>
  <testcase classname="TestCase.Page3Test" name="verifyProductName2Test">
    <skipped/>
  </testcase> <!-- verifyProductName2Test -->
  <system-out/>
</testsuite> <!-- TestCase.Page3Test -->
