<?xml version="1.0" encoding="UTF-8"?>
<!-- Generated by org.testng.reporters.JUnitReportReporter -->
<testsuite hostname="DESKTOP-BOF2DA1" failures="0" tests="4" name="TestCase.ParallelExecution" time="149.472" errors="0" timestamp="2022-10-23T09:38:28 IST" skipped="0">
  <testcase classname="TestCase.ParallelExecution" name="youtube" time="38.599"/>
  <system-out/>
  <testcase classname="TestCase.ParallelExecution" name="facebook" time="42.113"/>
  <system-out/>
  <testcase classname="TestCase.ParallelExecution" name="google" time="42.523"/>
  <system-out/>
  <testcase classname="TestCase.ParallelExecution" name="instagram" time="26.237"/>
  <system-out/>
</testsuite> <!-- TestCase.ParallelExecution -->
