<?xml version="1.0" encoding="UTF-8"?>
<!-- Generated by org.testng.reporters.JUnitReportReporter -->
<testsuite hostname="DESKTOP-BOF2DA1" failures="0" tests="5" name="TestCase.Page4Test" time="53.350" errors="0" timestamp="2022-10-23T10:01:48 IST" skipped="0">
  <testcase classname="TestCase.Page4Test" name="verifyLastNameTest" time="10.278"/>
  <system-out/>
  <testcase classname="TestCase.Page4Test" name="verifyFirstNameTest" time="11.564"/>
  <system-out/>
  <testcase classname="TestCase.Page4Test" name="verifyPage4LabelTest" time="11.266"/>
  <system-out/>
  <testcase classname="TestCase.Page4Test" name="verifyPostalCodeTest" time="10.281"/>
  <system-out/>
  <testcase classname="TestCase.Page4Test" name="verifyContinueBtnTest" time="9.961"/>
  <system-out/>
</testsuite> <!-- TestCase.Page4Test -->
