<?xml version="1.0" encoding="UTF-8"?>
<!-- Generated by org.testng.reporters.JUnitReportReporter -->
<testsuite hostname="DESKTOP-BOF2DA1" failures="0" tests="8" name="TestCase.LoginPage1Test" time="115.155" errors="0" timestamp="2022-10-30T09:39:03 IST" skipped="0">
  <testcase classname="TestCase.LoginPage1Test" name="verifyUrlTest" time="9.448"/>
  <system-out/>
  <testcase classname="TestCase.LoginPage1Test" name="verifyUrlTest" time="17.019"/>
  <system-out/>
  <testcase classname="TestCase.LoginPage1Test" name="verifyUrlTest" time="9.516"/>
  <system-out/>
  <testcase classname="TestCase.LoginPage1Test" name="verifyLogo1Test" time="9.754"/>
  <system-out/>
  <testcase classname="TestCase.LoginPage1Test" name="verifyLogo2" time="9.433"/>
  <system-out/>
  <testcase classname="TestCase.LoginPage1Test" name="verifyLoginToAppTest" time="11.067"/>
  <system-out/>
  <testcase classname="TestCase.LoginPage1Test" name="verifyLoginToAppIsSuccessfulTest" time="11.564"/>
  <system-out/>
  <testcase classname="TestCase.LoginPage1Test" name="verifyLoginToAppIsSuccessful2Test" time="37.354"/>
  <system-out/>
</testsuite> <!-- TestCase.LoginPage1Test -->
